<?xml version="1.0" encoding="UTF-8"?>
<testsuite name="ru.Training.java_training.sandbox.SquareTests" tests="1" skipped="0" failures="0" errors="0" timestamp="2020-10-25T17:37:16" hostname="DESKTOP-M0PEEFO" time="0.016">
  <properties/>
  <testcase name="testArea" classname="ru.Training.java_training.sandbox.SquareTests" time="0.016"/>
  <system-out><![CDATA[]]></system-out>
  <system-err><![CDATA[]]></system-err>
</testsuite>
